2024-01-03 18:39:08,947 INFO Started with the following arguments: {'data_name': 'gear_signals', 'seq_len': 2560, 'module': 'gru', 'hidden_dim': 24, 'num_layer': 3, 'iteration': 1, 'batch_size': 128, 'metric_iteration': 1, 'logfile': 'timegan.log', 'feature_number': 'Feat3', 'dataset_percentage': 5}
2024-01-03 18:39:08,970 INFO gear_signals dataset is ready.
2024-01-03 18:39:09,029 INFO Information about Original Data after loading:
2024-01-03 18:39:09,029 INFO   Shape: (10240, 2560, 1)
2024-01-03 18:39:09,029 INFO   Data Type: float64
2024-01-03 18:39:09,029 INFO   Size: 26214400
2024-01-03 18:39:09,029 INFO   Number of Dimensions: 3
2024-01-03 18:39:09,029 INFO   Item Size: 8 bytes
2024-01-03 18:39:09,047 INFO   Minimum Value: 0.0
2024-01-03 18:39:09,064 INFO   Maximum Value: 0.9999998028565962
2024-01-03 18:39:09,081 INFO   Mean: 0.44885665253438506
2024-01-03 18:39:09,211 INFO   Standard Deviation: 0.12523362111105427
2024-01-03 18:39:09,212 INFO  
2024-01-03 18:39:20.844762: I tensorflow/stream_executor/platform/default/dso_loader.cc:44] Successfully opened dynamic library libcuda.so.1
2024-01-03 18:39:20.939168: I tensorflow/core/common_runtime/gpu/gpu_device.cc:1618] Found device 0 with properties: 
name: Tesla V100-SXM2-32GB major: 7 minor: 0 memoryClockRate(GHz): 1.53
pciBusID: 0000:8a:00.0
2024-01-03 18:39:20.940897: I tensorflow/stream_executor/platform/default/dso_loader.cc:44] Successfully opened dynamic library libcudart.so.10.0
2024-01-03 18:39:20.943371: I tensorflow/stream_executor/platform/default/dso_loader.cc:44] Successfully opened dynamic library libcublas.so.10.0
2024-01-03 18:39:20.945315: I tensorflow/stream_executor/platform/default/dso_loader.cc:44] Successfully opened dynamic library libcufft.so.10.0
2024-01-03 18:39:20.946344: I tensorflow/stream_executor/platform/default/dso_loader.cc:44] Successfully opened dynamic library libcurand.so.10.0
2024-01-03 18:39:20.948512: I tensorflow/stream_executor/platform/default/dso_loader.cc:44] Successfully opened dynamic library libcusolver.so.10.0
2024-01-03 18:39:20.950248: I tensorflow/stream_executor/platform/default/dso_loader.cc:44] Successfully opened dynamic library libcusparse.so.10.0
2024-01-03 18:39:20.954376: I tensorflow/stream_executor/platform/default/dso_loader.cc:44] Successfully opened dynamic library libcudnn.so.7
2024-01-03 18:39:20.955422: I tensorflow/core/common_runtime/gpu/gpu_device.cc:1746] Adding visible gpu devices: 0
2024-01-03 18:39:20.955823: I tensorflow/core/platform/cpu_feature_guard.cc:142] Your CPU supports instructions that this TensorFlow binary was not compiled to use: SSE4.1 SSE4.2 AVX AVX2 FMA
2024-01-03 18:39:20.964374: I tensorflow/core/platform/profile_utils/cpu_utils.cc:94] CPU Frequency: 2195035000 Hz
2024-01-03 18:39:20.964559: I tensorflow/compiler/xla/service/service.cc:168] XLA service 0x55b3931e48a0 initialized for platform Host (this does not guarantee that XLA will be used). Devices:
2024-01-03 18:39:20.964611: I tensorflow/compiler/xla/service/service.cc:176]   StreamExecutor device (0): Host, Default Version
2024-01-03 18:39:21.149126: I tensorflow/compiler/xla/service/service.cc:168] XLA service 0x55b3920200f0 initialized for platform CUDA (this does not guarantee that XLA will be used). Devices:
2024-01-03 18:39:21.149280: I tensorflow/compiler/xla/service/service.cc:176]   StreamExecutor device (0): Tesla V100-SXM2-32GB, Compute Capability 7.0
2024-01-03 18:39:21.149857: I tensorflow/core/common_runtime/gpu/gpu_device.cc:1618] Found device 0 with properties: 
name: Tesla V100-SXM2-32GB major: 7 minor: 0 memoryClockRate(GHz): 1.53
pciBusID: 0000:8a:00.0
2024-01-03 18:39:21.149967: I tensorflow/stream_executor/platform/default/dso_loader.cc:44] Successfully opened dynamic library libcudart.so.10.0
2024-01-03 18:39:21.150020: I tensorflow/stream_executor/platform/default/dso_loader.cc:44] Successfully opened dynamic library libcublas.so.10.0
2024-01-03 18:39:21.150069: I tensorflow/stream_executor/platform/default/dso_loader.cc:44] Successfully opened dynamic library libcufft.so.10.0
2024-01-03 18:39:21.150116: I tensorflow/stream_executor/platform/default/dso_loader.cc:44] Successfully opened dynamic library libcurand.so.10.0
2024-01-03 18:39:21.150186: I tensorflow/stream_executor/platform/default/dso_loader.cc:44] Successfully opened dynamic library libcusolver.so.10.0
2024-01-03 18:39:21.150236: I tensorflow/stream_executor/platform/default/dso_loader.cc:44] Successfully opened dynamic library libcusparse.so.10.0
2024-01-03 18:39:21.150285: I tensorflow/stream_executor/platform/default/dso_loader.cc:44] Successfully opened dynamic library libcudnn.so.7
2024-01-03 18:39:21.151198: I tensorflow/core/common_runtime/gpu/gpu_device.cc:1746] Adding visible gpu devices: 0
2024-01-03 18:39:21.151314: I tensorflow/stream_executor/platform/default/dso_loader.cc:44] Successfully opened dynamic library libcudart.so.10.0
2024-01-03 18:39:21.151852: I tensorflow/core/common_runtime/gpu/gpu_device.cc:1159] Device interconnect StreamExecutor with strength 1 edge matrix:
2024-01-03 18:39:21.151940: I tensorflow/core/common_runtime/gpu/gpu_device.cc:1165]      0 
2024-01-03 18:39:21.151977: I tensorflow/core/common_runtime/gpu/gpu_device.cc:1178] 0:   N 
2024-01-03 18:39:21.152926: I tensorflow/core/common_runtime/gpu/gpu_device.cc:1304] Created TensorFlow device (/job:localhost/replica:0/task:0/device:GPU:0 with 30581 MB memory) -> physical GPU (device: 0, name: Tesla V100-SXM2-32GB, pci bus id: 0000:8a:00.0, compute capability: 7.0)
2024-01-03 18:39:22,997 INFO Loading model from models/timegan_joint-1
2024-01-03 18:39:24,139 INFO after random generator
2024-01-03 18:39:24.744579: I tensorflow/stream_executor/platform/default/dso_loader.cc:44] Successfully opened dynamic library libcublas.so.10.0
2024-01-03 18:39:30,437 INFO after generated_data_curr
2024-01-03 18:39:30,444 INFO after append
2024-01-03 18:39:30,679 INFO Finish Synthetic Data Generation
2024-01-03 18:39:30,743 INFO Information about Original Data after generation:
2024-01-03 18:39:30,743 INFO   Shape: (10240, 2560, 1)
2024-01-03 18:39:30,743 INFO   Data Type: float64
2024-01-03 18:39:30,743 INFO   Size: 26214400
2024-01-03 18:39:30,743 INFO   Number of Dimensions: 3
2024-01-03 18:39:30,743 INFO   Item Size: 8 bytes
2024-01-03 18:39:30,762 INFO   Minimum Value: 0.0
2024-01-03 18:39:30,780 INFO   Maximum Value: 0.9999998028565962
2024-01-03 18:39:30,797 INFO   Mean: 0.44885665253438506
2024-01-03 18:39:30,929 INFO   Standard Deviation: 0.12523362111105427
2024-01-03 18:39:30,929 INFO  
2024-01-03 18:39:30,929 INFO Information about Generated Data:
2024-01-03 18:39:30,929 INFO   Shape: (10240, 2560, 1)
2024-01-03 18:39:30,929 INFO   Data Type: float64
2024-01-03 18:39:30,929 INFO   Size: 26214400
2024-01-03 18:39:30,929 INFO   Number of Dimensions: 3
2024-01-03 18:39:30,929 INFO   Item Size: 8 bytes
2024-01-03 18:39:30,947 INFO   Minimum Value: 0.4745284873538273
2024-01-03 18:39:30,965 INFO   Maximum Value: 0.4988513499522281
2024-01-03 18:39:30,982 INFO   Mean: 0.4840308187443822
2024-01-03 18:39:31,113 INFO   Standard Deviation: 0.0009783060174064137
2024-01-03 18:39:31,114 INFO  
Traceback (most recent call last):
  File "main_timegan.py", line 222, in <module>
    ori_data, generated_data, metrics = main(args)
  File "main_timegan.py", line 139, in main
    np.savetxt('combined_arrays.csv', combined_array, delimiter=' ', fmt='%.6f')
  File "<__array_function__ internals>", line 6, in savetxt
  File "/scratch/lustre/home/dopu7482/miniconda3/envs/kursinis/lib/python3.7/site-packages/numpy/lib/npyio.py", line 1383, in savetxt
    "Expected 1D or 2D array, got %dD array instead" % X.ndim)
ValueError: Expected 1D or 2D array, got 3D array instead
