2024-01-03 17:19:36,000 INFO Started with the following arguments: {'data_name': 'gear_signals', 'seq_len': 2560, 'module': 'gru', 'hidden_dim': 24, 'num_layer': 3, 'iteration': 1, 'batch_size': 128, 'metric_iteration': 1, 'logfile': 'timegan.log', 'feature_number': 'Feat3', 'dataset_percentage': 5}
2024-01-03 17:19:36,079 INFO gear_signals dataset is ready.
2024-01-03 17:19:47.933156: I tensorflow/stream_executor/platform/default/dso_loader.cc:44] Successfully opened dynamic library libcuda.so.1
2024-01-03 17:19:48.008411: I tensorflow/core/common_runtime/gpu/gpu_device.cc:1618] Found device 0 with properties: 
name: Tesla V100-SXM2-32GB major: 7 minor: 0 memoryClockRate(GHz): 1.53
pciBusID: 0000:07:00.0
2024-01-03 17:19:48.010011: I tensorflow/stream_executor/platform/default/dso_loader.cc:44] Successfully opened dynamic library libcudart.so.10.0
2024-01-03 17:19:48.011883: I tensorflow/stream_executor/platform/default/dso_loader.cc:44] Successfully opened dynamic library libcublas.so.10.0
2024-01-03 17:19:48.013791: I tensorflow/stream_executor/platform/default/dso_loader.cc:44] Successfully opened dynamic library libcufft.so.10.0
2024-01-03 17:19:48.015039: I tensorflow/stream_executor/platform/default/dso_loader.cc:44] Successfully opened dynamic library libcurand.so.10.0
2024-01-03 17:19:48.017260: I tensorflow/stream_executor/platform/default/dso_loader.cc:44] Successfully opened dynamic library libcusolver.so.10.0
2024-01-03 17:19:48.019190: I tensorflow/stream_executor/platform/default/dso_loader.cc:44] Successfully opened dynamic library libcusparse.so.10.0
2024-01-03 17:19:48.023335: I tensorflow/stream_executor/platform/default/dso_loader.cc:44] Successfully opened dynamic library libcudnn.so.7
2024-01-03 17:19:48.024346: I tensorflow/core/common_runtime/gpu/gpu_device.cc:1746] Adding visible gpu devices: 0
2024-01-03 17:19:48.024705: I tensorflow/core/platform/cpu_feature_guard.cc:142] Your CPU supports instructions that this TensorFlow binary was not compiled to use: SSE4.1 SSE4.2 AVX AVX2 FMA
2024-01-03 17:19:48.033447: I tensorflow/core/platform/profile_utils/cpu_utils.cc:94] CPU Frequency: 2195035000 Hz
2024-01-03 17:19:48.033634: I tensorflow/compiler/xla/service/service.cc:168] XLA service 0x55692a9b8cc0 initialized for platform Host (this does not guarantee that XLA will be used). Devices:
2024-01-03 17:19:48.033682: I tensorflow/compiler/xla/service/service.cc:176]   StreamExecutor device (0): Host, Default Version
2024-01-03 17:19:48.219800: I tensorflow/compiler/xla/service/service.cc:168] XLA service 0x55692921b310 initialized for platform CUDA (this does not guarantee that XLA will be used). Devices:
2024-01-03 17:19:48.219946: I tensorflow/compiler/xla/service/service.cc:176]   StreamExecutor device (0): Tesla V100-SXM2-32GB, Compute Capability 7.0
2024-01-03 17:19:48.220529: I tensorflow/core/common_runtime/gpu/gpu_device.cc:1618] Found device 0 with properties: 
name: Tesla V100-SXM2-32GB major: 7 minor: 0 memoryClockRate(GHz): 1.53
pciBusID: 0000:07:00.0
2024-01-03 17:19:48.220644: I tensorflow/stream_executor/platform/default/dso_loader.cc:44] Successfully opened dynamic library libcudart.so.10.0
2024-01-03 17:19:48.220697: I tensorflow/stream_executor/platform/default/dso_loader.cc:44] Successfully opened dynamic library libcublas.so.10.0
2024-01-03 17:19:48.220744: I tensorflow/stream_executor/platform/default/dso_loader.cc:44] Successfully opened dynamic library libcufft.so.10.0
2024-01-03 17:19:48.220791: I tensorflow/stream_executor/platform/default/dso_loader.cc:44] Successfully opened dynamic library libcurand.so.10.0
2024-01-03 17:19:48.220837: I tensorflow/stream_executor/platform/default/dso_loader.cc:44] Successfully opened dynamic library libcusolver.so.10.0
2024-01-03 17:19:48.220883: I tensorflow/stream_executor/platform/default/dso_loader.cc:44] Successfully opened dynamic library libcusparse.so.10.0
2024-01-03 17:19:48.220931: I tensorflow/stream_executor/platform/default/dso_loader.cc:44] Successfully opened dynamic library libcudnn.so.7
2024-01-03 17:19:48.221839: I tensorflow/core/common_runtime/gpu/gpu_device.cc:1746] Adding visible gpu devices: 0
2024-01-03 17:19:48.221969: I tensorflow/stream_executor/platform/default/dso_loader.cc:44] Successfully opened dynamic library libcudart.so.10.0
2024-01-03 17:19:48.222528: I tensorflow/core/common_runtime/gpu/gpu_device.cc:1159] Device interconnect StreamExecutor with strength 1 edge matrix:
2024-01-03 17:19:48.222618: I tensorflow/core/common_runtime/gpu/gpu_device.cc:1165]      0 
2024-01-03 17:19:48.222652: I tensorflow/core/common_runtime/gpu/gpu_device.cc:1178] 0:   N 
2024-01-03 17:19:48.223632: I tensorflow/core/common_runtime/gpu/gpu_device.cc:1304] Created TensorFlow device (/job:localhost/replica:0/task:0/device:GPU:0 with 30581 MB memory) -> physical GPU (device: 0, name: Tesla V100-SXM2-32GB, pci bus id: 0000:07:00.0, compute capability: 7.0)
2024-01-03 17:19:50,094 INFO No model found in load_dir. Starting training from scratch.
2024-01-03 17:19:50,095 INFO Start Embedding Network Training
2024-01-03 17:19:51.378986: I tensorflow/stream_executor/platform/default/dso_loader.cc:44] Successfully opened dynamic library libcublas.so.10.0
2024-01-03 17:19:59,444 INFO step: 0/1, e_loss: 0.1462
2024-01-03 17:20:00,850 INFO Finish Embedding Network Training
2024-01-03 17:20:00,853 INFO Start Training with Supervised Loss Only
2024-01-03 17:20:06,090 INFO step: 0/1, s_loss: 0.0643
2024-01-03 17:20:06,795 INFO Finish Training with Supervised Loss Only
2024-01-03 17:20:06,795 INFO Start Joint Training
2024-01-03 17:21:45,707 INFO step: 0/1, d_loss: 1.9399, g_loss_u: 0.9067, g_loss_s: 0.0461, g_loss_v: 0.1707, e_loss_t0: 0.1336
2024-01-03 17:21:46,447 INFO Finish Joint Training
2024-01-03 17:21:47,137 INFO after training
2024-01-03 17:21:47,137 INFO after random generator
Traceback (most recent call last):
  File "main_timegan.py", line 194, in <module>
    ori_data, generated_data, metrics = main(args)
  File "main_timegan.py", line 94, in main
    generated_data = timegan(ori_data, parameters, 'models', 'models', 100)
  File "/scratch/lustre/home/dopu7482/TimeGAN/timegan.py", line 327, in timegan
    logging.info("Shape of Z_mb:", tf.shape(Z_mb))
  File "/scratch/lustre/home/dopu7482/miniconda3/envs/kursinis/lib/python3.7/site-packages/tensorflow_core/python/ops/array_ops.py", line 447, in shape
    return shape_internal(input, name, optimize=True, out_type=out_type)
  File "/scratch/lustre/home/dopu7482/miniconda3/envs/kursinis/lib/python3.7/site-packages/tensorflow_core/python/ops/array_ops.py", line 471, in shape_internal
    input_tensor = ops.convert_to_tensor(input)
  File "/scratch/lustre/home/dopu7482/miniconda3/envs/kursinis/lib/python3.7/site-packages/tensorflow_core/python/framework/ops.py", line 1184, in convert_to_tensor
    return convert_to_tensor_v2(value, dtype, preferred_dtype, name)
  File "/scratch/lustre/home/dopu7482/miniconda3/envs/kursinis/lib/python3.7/site-packages/tensorflow_core/python/framework/ops.py", line 1242, in convert_to_tensor_v2
    as_ref=False)
  File "/scratch/lustre/home/dopu7482/miniconda3/envs/kursinis/lib/python3.7/site-packages/tensorflow_core/python/framework/ops.py", line 1297, in internal_convert_to_tensor
    ret = conversion_func(value, dtype=dtype, name=name, as_ref=as_ref)
  File "/scratch/lustre/home/dopu7482/miniconda3/envs/kursinis/lib/python3.7/site-packages/tensorflow_core/python/framework/constant_op.py", line 286, in _constant_tensor_conversion_function
    return constant(v, dtype=dtype, name=name)
  File "/scratch/lustre/home/dopu7482/miniconda3/envs/kursinis/lib/python3.7/site-packages/tensorflow_core/python/framework/constant_op.py", line 227, in constant
    allow_broadcast=True)
  File "/scratch/lustre/home/dopu7482/miniconda3/envs/kursinis/lib/python3.7/site-packages/tensorflow_core/python/framework/constant_op.py", line 265, in _constant_impl
    allow_broadcast=allow_broadcast))
  File "/scratch/lustre/home/dopu7482/miniconda3/envs/kursinis/lib/python3.7/site-packages/tensorflow_core/python/framework/tensor_util.py", line 458, in make_tensor_proto
    _GetDenseDimensions(values)))
ValueError: Argument must be a dense tensor: [array([[0.73301321],
       [0.26879317],
       [0.87445686],
       ...,
       [0.08090377],
       [0.32677847],
       [0.46693117]])] - got shape [1, 2560, 1], but wanted [1].
