2023-12-14 23:26:24,888 INFO Started with the following arguments: {'data_name': 'gear_signals', 'seq_len': 2560, 'module': 'gru', 'hidden_dim': 24, 'num_layer': 3, 'iteration': 2000, 'batch_size': 128, 'metric_iteration': 10, 'logfile': 'timegan.log', 'feature_number': 'Feat3'}
2023-12-14 23:26:25,042 INFO gear_signals dataset is ready.
2023-12-14 23:26:49.170041: I tensorflow/stream_executor/platform/default/dso_loader.cc:44] Successfully opened dynamic library libcuda.so.1
2023-12-14 23:26:49.249157: I tensorflow/core/common_runtime/gpu/gpu_device.cc:1618] Found device 0 with properties: 
name: Tesla V100-SXM2-32GB major: 7 minor: 0 memoryClockRate(GHz): 1.53
pciBusID: 0000:0b:00.0
2023-12-14 23:26:49.256399: I tensorflow/stream_executor/platform/default/dso_loader.cc:44] Successfully opened dynamic library libcudart.so.10.0
2023-12-14 23:26:49.295358: I tensorflow/stream_executor/platform/default/dso_loader.cc:44] Successfully opened dynamic library libcublas.so.10.0
2023-12-14 23:26:49.333774: I tensorflow/stream_executor/platform/default/dso_loader.cc:44] Successfully opened dynamic library libcufft.so.10.0
2023-12-14 23:26:49.350646: I tensorflow/stream_executor/platform/default/dso_loader.cc:44] Successfully opened dynamic library libcurand.so.10.0
2023-12-14 23:26:49.411716: I tensorflow/stream_executor/platform/default/dso_loader.cc:44] Successfully opened dynamic library libcusolver.so.10.0
2023-12-14 23:26:49.450015: I tensorflow/stream_executor/platform/default/dso_loader.cc:44] Successfully opened dynamic library libcusparse.so.10.0
2023-12-14 23:26:49.566101: I tensorflow/stream_executor/platform/default/dso_loader.cc:44] Successfully opened dynamic library libcudnn.so.7
2023-12-14 23:26:49.568374: I tensorflow/core/common_runtime/gpu/gpu_device.cc:1746] Adding visible gpu devices: 0
2023-12-14 23:26:49.571728: I tensorflow/core/platform/cpu_feature_guard.cc:142] Your CPU supports instructions that this TensorFlow binary was not compiled to use: SSE4.1 SSE4.2 AVX AVX2 FMA
2023-12-14 23:26:49.621256: I tensorflow/core/platform/profile_utils/cpu_utils.cc:94] CPU Frequency: 2194845000 Hz
2023-12-14 23:26:49.623489: I tensorflow/compiler/xla/service/service.cc:168] XLA service 0x55f81dcff2f0 initialized for platform Host (this does not guarantee that XLA will be used). Devices:
2023-12-14 23:26:49.623861: I tensorflow/compiler/xla/service/service.cc:176]   StreamExecutor device (0): Host, Default Version
2023-12-14 23:26:49.812521: I tensorflow/compiler/xla/service/service.cc:168] XLA service 0x55f81ba58b60 initialized for platform CUDA (this does not guarantee that XLA will be used). Devices:
2023-12-14 23:26:49.812613: I tensorflow/compiler/xla/service/service.cc:176]   StreamExecutor device (0): Tesla V100-SXM2-32GB, Compute Capability 7.0
2023-12-14 23:26:49.814036: I tensorflow/core/common_runtime/gpu/gpu_device.cc:1618] Found device 0 with properties: 
name: Tesla V100-SXM2-32GB major: 7 minor: 0 memoryClockRate(GHz): 1.53
pciBusID: 0000:0b:00.0
2023-12-14 23:26:49.814220: I tensorflow/stream_executor/platform/default/dso_loader.cc:44] Successfully opened dynamic library libcudart.so.10.0
2023-12-14 23:26:49.814385: I tensorflow/stream_executor/platform/default/dso_loader.cc:44] Successfully opened dynamic library libcublas.so.10.0
2023-12-14 23:26:49.814492: I tensorflow/stream_executor/platform/default/dso_loader.cc:44] Successfully opened dynamic library libcufft.so.10.0
2023-12-14 23:26:49.814542: I tensorflow/stream_executor/platform/default/dso_loader.cc:44] Successfully opened dynamic library libcurand.so.10.0
2023-12-14 23:26:49.814589: I tensorflow/stream_executor/platform/default/dso_loader.cc:44] Successfully opened dynamic library libcusolver.so.10.0
2023-12-14 23:26:49.814636: I tensorflow/stream_executor/platform/default/dso_loader.cc:44] Successfully opened dynamic library libcusparse.so.10.0
2023-12-14 23:26:49.814683: I tensorflow/stream_executor/platform/default/dso_loader.cc:44] Successfully opened dynamic library libcudnn.so.7
2023-12-14 23:26:49.815591: I tensorflow/core/common_runtime/gpu/gpu_device.cc:1746] Adding visible gpu devices: 0
2023-12-14 23:26:49.816478: I tensorflow/stream_executor/platform/default/dso_loader.cc:44] Successfully opened dynamic library libcudart.so.10.0
2023-12-14 23:26:49.817957: I tensorflow/core/common_runtime/gpu/gpu_device.cc:1159] Device interconnect StreamExecutor with strength 1 edge matrix:
2023-12-14 23:26:49.818033: I tensorflow/core/common_runtime/gpu/gpu_device.cc:1165]      0 
2023-12-14 23:26:49.818387: I tensorflow/core/common_runtime/gpu/gpu_device.cc:1178] 0:   N 
2023-12-14 23:26:49.820268: I tensorflow/core/common_runtime/gpu/gpu_device.cc:1304] Created TensorFlow device (/job:localhost/replica:0/task:0/device:GPU:0 with 30581 MB memory) -> physical GPU (device: 0, name: Tesla V100-SXM2-32GB, pci bus id: 0000:0b:00.0, compute capability: 7.0)
2023-12-14 23:26:54,588 INFO Loading model from models/timegan_joint-0
2023-12-14 23:26:55,412 INFO Start Joint Training
2023-12-14 23:26:57.718849: I tensorflow/stream_executor/platform/default/dso_loader.cc:44] Successfully opened dynamic library libcublas.so.10.0
2023-12-14 23:28:35,218 INFO step: 0/2000, d_loss: 1.968, g_loss_u: 1.023, g_loss_s: 0.0453, g_loss_v: 0.0967, e_loss_t0: 0.0177
2023-12-15 05:58:57,750 INFO step: 250/2000, d_loss: 1.7945, g_loss_u: 1.0452, g_loss_s: 0.0272, g_loss_v: 0.0185, e_loss_t0: 0.0016
