2023-12-14 17:47:32,775 INFO Started with the following arguments: {'data_name': 'gear_signals', 'seq_len': 2560, 'module': 'gru', 'hidden_dim': 24, 'num_layer': 3, 'iteration': 3000, 'batch_size': 128, 'metric_iteration': 10, 'logfile': 'timegan.log', 'feature_number': 'Feat3'}
2023-12-14 17:47:32,918 INFO gear_signals dataset is ready.
2023-12-14 17:47:54.196433: I tensorflow/stream_executor/platform/default/dso_loader.cc:44] Successfully opened dynamic library libcuda.so.1
2023-12-14 17:47:54.273804: I tensorflow/core/common_runtime/gpu/gpu_device.cc:1618] Found device 0 with properties: 
name: Tesla V100-SXM2-32GB major: 7 minor: 0 memoryClockRate(GHz): 1.53
pciBusID: 0000:0b:00.0
2023-12-14 17:47:54.275254: I tensorflow/stream_executor/platform/default/dso_loader.cc:44] Successfully opened dynamic library libcudart.so.10.0
2023-12-14 17:47:54.277658: I tensorflow/stream_executor/platform/default/dso_loader.cc:44] Successfully opened dynamic library libcublas.so.10.0
2023-12-14 17:47:54.279933: I tensorflow/stream_executor/platform/default/dso_loader.cc:44] Successfully opened dynamic library libcufft.so.10.0
2023-12-14 17:47:54.280991: I tensorflow/stream_executor/platform/default/dso_loader.cc:44] Successfully opened dynamic library libcurand.so.10.0
2023-12-14 17:47:54.283520: I tensorflow/stream_executor/platform/default/dso_loader.cc:44] Successfully opened dynamic library libcusolver.so.10.0
2023-12-14 17:47:54.285603: I tensorflow/stream_executor/platform/default/dso_loader.cc:44] Successfully opened dynamic library libcusparse.so.10.0
2023-12-14 17:47:54.290127: I tensorflow/stream_executor/platform/default/dso_loader.cc:44] Successfully opened dynamic library libcudnn.so.7
2023-12-14 17:47:54.291123: I tensorflow/core/common_runtime/gpu/gpu_device.cc:1746] Adding visible gpu devices: 0
2023-12-14 17:47:54.291471: I tensorflow/core/platform/cpu_feature_guard.cc:142] Your CPU supports instructions that this TensorFlow binary was not compiled to use: SSE4.1 SSE4.2 AVX AVX2 FMA
2023-12-14 17:47:54.297750: I tensorflow/core/platform/profile_utils/cpu_utils.cc:94] CPU Frequency: 2194845000 Hz
2023-12-14 17:47:54.297982: I tensorflow/compiler/xla/service/service.cc:168] XLA service 0x5654c00aa2b0 initialized for platform Host (this does not guarantee that XLA will be used). Devices:
2023-12-14 17:47:54.298033: I tensorflow/compiler/xla/service/service.cc:176]   StreamExecutor device (0): Host, Default Version
2023-12-14 17:47:54.479379: I tensorflow/compiler/xla/service/service.cc:168] XLA service 0x5654bdec2470 initialized for platform CUDA (this does not guarantee that XLA will be used). Devices:
2023-12-14 17:47:54.479521: I tensorflow/compiler/xla/service/service.cc:176]   StreamExecutor device (0): Tesla V100-SXM2-32GB, Compute Capability 7.0
2023-12-14 17:47:54.480105: I tensorflow/core/common_runtime/gpu/gpu_device.cc:1618] Found device 0 with properties: 
name: Tesla V100-SXM2-32GB major: 7 minor: 0 memoryClockRate(GHz): 1.53
pciBusID: 0000:0b:00.0
2023-12-14 17:47:54.480215: I tensorflow/stream_executor/platform/default/dso_loader.cc:44] Successfully opened dynamic library libcudart.so.10.0
2023-12-14 17:47:54.480266: I tensorflow/stream_executor/platform/default/dso_loader.cc:44] Successfully opened dynamic library libcublas.so.10.0
2023-12-14 17:47:54.480313: I tensorflow/stream_executor/platform/default/dso_loader.cc:44] Successfully opened dynamic library libcufft.so.10.0
2023-12-14 17:47:54.480360: I tensorflow/stream_executor/platform/default/dso_loader.cc:44] Successfully opened dynamic library libcurand.so.10.0
2023-12-14 17:47:54.480407: I tensorflow/stream_executor/platform/default/dso_loader.cc:44] Successfully opened dynamic library libcusolver.so.10.0
2023-12-14 17:47:54.480453: I tensorflow/stream_executor/platform/default/dso_loader.cc:44] Successfully opened dynamic library libcusparse.so.10.0
2023-12-14 17:47:54.480500: I tensorflow/stream_executor/platform/default/dso_loader.cc:44] Successfully opened dynamic library libcudnn.so.7
2023-12-14 17:47:54.481414: I tensorflow/core/common_runtime/gpu/gpu_device.cc:1746] Adding visible gpu devices: 0
2023-12-14 17:47:54.481539: I tensorflow/stream_executor/platform/default/dso_loader.cc:44] Successfully opened dynamic library libcudart.so.10.0
2023-12-14 17:47:54.482096: I tensorflow/core/common_runtime/gpu/gpu_device.cc:1159] Device interconnect StreamExecutor with strength 1 edge matrix:
2023-12-14 17:47:54.482191: I tensorflow/core/common_runtime/gpu/gpu_device.cc:1165]      0 
2023-12-14 17:47:54.482227: I tensorflow/core/common_runtime/gpu/gpu_device.cc:1178] 0:   N 
2023-12-14 17:47:54.483184: I tensorflow/core/common_runtime/gpu/gpu_device.cc:1304] Created TensorFlow device (/job:localhost/replica:0/task:0/device:GPU:0 with 30581 MB memory) -> physical GPU (device: 0, name: Tesla V100-SXM2-32GB, pci bus id: 0000:0b:00.0, compute capability: 7.0)
2023-12-14 17:47:56,313 INFO Loading model from models/timegan_supervised-1000
2023-12-14 17:47:57,134 INFO Start Training with Supervised Loss Only
2023-12-14 17:47:57.669482: I tensorflow/stream_executor/platform/default/dso_loader.cc:44] Successfully opened dynamic library libcublas.so.10.0
2023-12-14 17:48:02,533 INFO step: 1000/3000, s_loss: 0.0298
2023-12-14 18:07:39,608 INFO step: 1250/3000, s_loss: 0.0266
2023-12-14 18:27:15,177 INFO step: 1500/3000, s_loss: 0.0259
2023-12-14 18:46:50,745 INFO step: 1750/3000, s_loss: 0.0258
2023-12-14 19:06:28,440 INFO step: 2000/3000, s_loss: 0.0257
2023-12-14 19:26:07,444 INFO step: 2250/3000, s_loss: 0.0257
2023-12-14 19:45:45,921 INFO step: 2500/3000, s_loss: 0.0255
2023-12-14 20:05:25,880 INFO step: 2750/3000, s_loss: 0.0256
2023-12-14 20:25:05,660 INFO Finish Training with Supervised Loss Only
2023-12-14 20:25:05,668 INFO Start Joint Training
2023-12-14 20:26:46,708 INFO step: 0/3000, d_loss: 2.0024, g_loss_u: 0.9279, g_loss_s: 0.0564, g_loss_v: 0.13, e_loss_t0: 0.0661
slurmstepd-node-37: error: *** JOB 26924 ON node-37 CANCELLED AT 2023-12-14T23:23:50 ***
