2024-01-03 18:07:24,238 INFO Started with the following arguments: {'data_name': 'gear_signals', 'seq_len': 2560, 'module': 'gru', 'hidden_dim': 24, 'num_layer': 3, 'iteration': 1, 'batch_size': 128, 'metric_iteration': 1, 'logfile': 'timegan.log', 'feature_number': 'Feat3', 'dataset_percentage': 5}
2024-01-03 18:07:24,259 INFO gear_signals dataset is ready.
2024-01-03 18:07:35.972619: I tensorflow/stream_executor/platform/default/dso_loader.cc:44] Successfully opened dynamic library libcuda.so.1
2024-01-03 18:07:36.060052: I tensorflow/core/common_runtime/gpu/gpu_device.cc:1618] Found device 0 with properties: 
name: Tesla V100-SXM2-32GB major: 7 minor: 0 memoryClockRate(GHz): 1.53
pciBusID: 0000:8a:00.0
2024-01-03 18:07:36.061364: I tensorflow/stream_executor/platform/default/dso_loader.cc:44] Successfully opened dynamic library libcudart.so.10.0
2024-01-03 18:07:36.063654: I tensorflow/stream_executor/platform/default/dso_loader.cc:44] Successfully opened dynamic library libcublas.so.10.0
2024-01-03 18:07:36.065477: I tensorflow/stream_executor/platform/default/dso_loader.cc:44] Successfully opened dynamic library libcufft.so.10.0
2024-01-03 18:07:36.066485: I tensorflow/stream_executor/platform/default/dso_loader.cc:44] Successfully opened dynamic library libcurand.so.10.0
2024-01-03 18:07:36.068823: I tensorflow/stream_executor/platform/default/dso_loader.cc:44] Successfully opened dynamic library libcusolver.so.10.0
2024-01-03 18:07:36.070869: I tensorflow/stream_executor/platform/default/dso_loader.cc:44] Successfully opened dynamic library libcusparse.so.10.0
2024-01-03 18:07:36.075365: I tensorflow/stream_executor/platform/default/dso_loader.cc:44] Successfully opened dynamic library libcudnn.so.7
2024-01-03 18:07:36.076374: I tensorflow/core/common_runtime/gpu/gpu_device.cc:1746] Adding visible gpu devices: 0
2024-01-03 18:07:36.076727: I tensorflow/core/platform/cpu_feature_guard.cc:142] Your CPU supports instructions that this TensorFlow binary was not compiled to use: SSE4.1 SSE4.2 AVX AVX2 FMA
2024-01-03 18:07:36.085291: I tensorflow/core/platform/profile_utils/cpu_utils.cc:94] CPU Frequency: 2195035000 Hz
2024-01-03 18:07:36.085471: I tensorflow/compiler/xla/service/service.cc:168] XLA service 0x561ea2b65f60 initialized for platform Host (this does not guarantee that XLA will be used). Devices:
2024-01-03 18:07:36.085520: I tensorflow/compiler/xla/service/service.cc:176]   StreamExecutor device (0): Host, Default Version
2024-01-03 18:07:36.270645: I tensorflow/compiler/xla/service/service.cc:168] XLA service 0x561ea1b2ff90 initialized for platform CUDA (this does not guarantee that XLA will be used). Devices:
2024-01-03 18:07:36.270788: I tensorflow/compiler/xla/service/service.cc:176]   StreamExecutor device (0): Tesla V100-SXM2-32GB, Compute Capability 7.0
2024-01-03 18:07:36.271353: I tensorflow/core/common_runtime/gpu/gpu_device.cc:1618] Found device 0 with properties: 
name: Tesla V100-SXM2-32GB major: 7 minor: 0 memoryClockRate(GHz): 1.53
pciBusID: 0000:8a:00.0
2024-01-03 18:07:36.271464: I tensorflow/stream_executor/platform/default/dso_loader.cc:44] Successfully opened dynamic library libcudart.so.10.0
2024-01-03 18:07:36.271517: I tensorflow/stream_executor/platform/default/dso_loader.cc:44] Successfully opened dynamic library libcublas.so.10.0
2024-01-03 18:07:36.271565: I tensorflow/stream_executor/platform/default/dso_loader.cc:44] Successfully opened dynamic library libcufft.so.10.0
2024-01-03 18:07:36.271612: I tensorflow/stream_executor/platform/default/dso_loader.cc:44] Successfully opened dynamic library libcurand.so.10.0
2024-01-03 18:07:36.271658: I tensorflow/stream_executor/platform/default/dso_loader.cc:44] Successfully opened dynamic library libcusolver.so.10.0
2024-01-03 18:07:36.271705: I tensorflow/stream_executor/platform/default/dso_loader.cc:44] Successfully opened dynamic library libcusparse.so.10.0
2024-01-03 18:07:36.271754: I tensorflow/stream_executor/platform/default/dso_loader.cc:44] Successfully opened dynamic library libcudnn.so.7
2024-01-03 18:07:36.272678: I tensorflow/core/common_runtime/gpu/gpu_device.cc:1746] Adding visible gpu devices: 0
2024-01-03 18:07:36.272814: I tensorflow/stream_executor/platform/default/dso_loader.cc:44] Successfully opened dynamic library libcudart.so.10.0
2024-01-03 18:07:36.273368: I tensorflow/core/common_runtime/gpu/gpu_device.cc:1159] Device interconnect StreamExecutor with strength 1 edge matrix:
2024-01-03 18:07:36.273464: I tensorflow/core/common_runtime/gpu/gpu_device.cc:1165]      0 
2024-01-03 18:07:36.273501: I tensorflow/core/common_runtime/gpu/gpu_device.cc:1178] 0:   N 
2024-01-03 18:07:36.274466: I tensorflow/core/common_runtime/gpu/gpu_device.cc:1304] Created TensorFlow device (/job:localhost/replica:0/task:0/device:GPU:0 with 30581 MB memory) -> physical GPU (device: 0, name: Tesla V100-SXM2-32GB, pci bus id: 0000:8a:00.0, compute capability: 7.0)
2024-01-03 18:07:38,161 INFO Loading model from models/timegan_joint-1
2024-01-03 18:07:39,297 INFO after random generator
2024-01-03 18:07:39.902526: I tensorflow/stream_executor/platform/default/dso_loader.cc:44] Successfully opened dynamic library libcublas.so.10.0
2024-01-03 18:07:45,559 INFO after generated_data_curr
2024-01-03 18:07:45,563 INFO after append
2024-01-03 18:07:45,799 INFO Finish Synthetic Data Generation
Traceback (most recent call last):
  File "main_timegan.py", line 199, in <module>
    ori_data, generated_data, metrics = main(args)
  File "main_timegan.py", line 130, in main
    np.savetxt('arrays.csv', np.vstack((ori_data, generated_data)), delimiter=',', fmt='%d')
  File "<__array_function__ internals>", line 6, in savetxt
  File "/scratch/lustre/home/dopu7482/miniconda3/envs/kursinis/lib/python3.7/site-packages/numpy/lib/npyio.py", line 1383, in savetxt
    "Expected 1D or 2D array, got %dD array instead" % X.ndim)
ValueError: Expected 1D or 2D array, got 3D array instead
