2024-01-09 12:04:13.004705: I tensorflow/stream_executor/platform/default/dso_loader.cc:44] Successfully opened dynamic library libcuda.so.1
2024-01-09 12:04:13.088033: I tensorflow/core/common_runtime/gpu/gpu_device.cc:1618] Found device 0 with properties: 
name: Tesla V100-SXM2-32GB major: 7 minor: 0 memoryClockRate(GHz): 1.53
pciBusID: 0000:0b:00.0
2024-01-09 12:04:13.095247: I tensorflow/stream_executor/platform/default/dso_loader.cc:44] Successfully opened dynamic library libcudart.so.10.0
2024-01-09 12:04:13.146407: I tensorflow/stream_executor/platform/default/dso_loader.cc:44] Successfully opened dynamic library libcublas.so.10.0
2024-01-09 12:04:13.185827: I tensorflow/stream_executor/platform/default/dso_loader.cc:44] Successfully opened dynamic library libcufft.so.10.0
2024-01-09 12:04:13.201636: I tensorflow/stream_executor/platform/default/dso_loader.cc:44] Successfully opened dynamic library libcurand.so.10.0
2024-01-09 12:04:13.261058: I tensorflow/stream_executor/platform/default/dso_loader.cc:44] Successfully opened dynamic library libcusolver.so.10.0
2024-01-09 12:04:13.300153: I tensorflow/stream_executor/platform/default/dso_loader.cc:44] Successfully opened dynamic library libcusparse.so.10.0
2024-01-09 12:04:13.424014: I tensorflow/stream_executor/platform/default/dso_loader.cc:44] Successfully opened dynamic library libcudnn.so.7
2024-01-09 12:04:13.425844: I tensorflow/core/common_runtime/gpu/gpu_device.cc:1746] Adding visible gpu devices: 0
2024-01-09 12:04:13.427770: I tensorflow/core/platform/cpu_feature_guard.cc:142] Your CPU supports instructions that this TensorFlow binary was not compiled to use: SSE4.1 SSE4.2 AVX AVX2 FMA
2024-01-09 12:04:13.478757: I tensorflow/core/platform/profile_utils/cpu_utils.cc:94] CPU Frequency: 2195035000 Hz
2024-01-09 12:04:13.481216: I tensorflow/compiler/xla/service/service.cc:168] XLA service 0x55749414fb20 initialized for platform Host (this does not guarantee that XLA will be used). Devices:
2024-01-09 12:04:13.481511: I tensorflow/compiler/xla/service/service.cc:176]   StreamExecutor device (0): Host, Default Version
2024-01-09 12:04:13.707673: I tensorflow/compiler/xla/service/service.cc:168] XLA service 0x557490ee07b0 initialized for platform CUDA (this does not guarantee that XLA will be used). Devices:
2024-01-09 12:04:13.707824: I tensorflow/compiler/xla/service/service.cc:176]   StreamExecutor device (0): Tesla V100-SXM2-32GB, Compute Capability 7.0
2024-01-09 12:04:13.709829: I tensorflow/core/common_runtime/gpu/gpu_device.cc:1618] Found device 0 with properties: 
name: Tesla V100-SXM2-32GB major: 7 minor: 0 memoryClockRate(GHz): 1.53
pciBusID: 0000:0b:00.0
2024-01-09 12:04:13.709960: I tensorflow/stream_executor/platform/default/dso_loader.cc:44] Successfully opened dynamic library libcudart.so.10.0
2024-01-09 12:04:13.710016: I tensorflow/stream_executor/platform/default/dso_loader.cc:44] Successfully opened dynamic library libcublas.so.10.0
2024-01-09 12:04:13.710065: I tensorflow/stream_executor/platform/default/dso_loader.cc:44] Successfully opened dynamic library libcufft.so.10.0
2024-01-09 12:04:13.710117: I tensorflow/stream_executor/platform/default/dso_loader.cc:44] Successfully opened dynamic library libcurand.so.10.0
2024-01-09 12:04:13.710167: I tensorflow/stream_executor/platform/default/dso_loader.cc:44] Successfully opened dynamic library libcusolver.so.10.0
2024-01-09 12:04:13.710218: I tensorflow/stream_executor/platform/default/dso_loader.cc:44] Successfully opened dynamic library libcusparse.so.10.0
2024-01-09 12:04:13.710271: I tensorflow/stream_executor/platform/default/dso_loader.cc:44] Successfully opened dynamic library libcudnn.so.7
2024-01-09 12:04:13.711268: I tensorflow/core/common_runtime/gpu/gpu_device.cc:1746] Adding visible gpu devices: 0
2024-01-09 12:04:13.712505: I tensorflow/stream_executor/platform/default/dso_loader.cc:44] Successfully opened dynamic library libcudart.so.10.0
2024-01-09 12:04:13.714017: I tensorflow/core/common_runtime/gpu/gpu_device.cc:1159] Device interconnect StreamExecutor with strength 1 edge matrix:
2024-01-09 12:04:13.714118: I tensorflow/core/common_runtime/gpu/gpu_device.cc:1165]      0 
2024-01-09 12:04:13.714163: I tensorflow/core/common_runtime/gpu/gpu_device.cc:1178] 0:   N 
2024-01-09 12:04:13.716665: I tensorflow/core/common_runtime/gpu/gpu_device.cc:1304] Created TensorFlow device (/job:localhost/replica:0/task:0/device:GPU:0 with 30581 MB memory) -> physical GPU (device: 0, name: Tesla V100-SXM2-32GB, pci bus id: 0000:0b:00.0, compute capability: 7.0)
2024-01-09 12:04:20.017355: I tensorflow/stream_executor/platform/default/dso_loader.cc:44] Successfully opened dynamic library libcublas.so.10.0
/scratch/lustre/home/dopu7482/miniconda3/envs/kursinis/lib/python3.7/site-packages/sklearn/manifold/_t_sne.py:783: FutureWarning: The default initialization in TSNE will change from 'random' to 'pca' in 1.2.
  FutureWarning,
[t-SNE] Computing 16 nearest neighbors...
[t-SNE] Indexed 2000 samples in 0.000s...
[t-SNE] Computed neighbors for 2000 samples in 0.106s...
[t-SNE] Computed conditional probabilities for sample 1000 / 2000
[t-SNE] Computed conditional probabilities for sample 2000 / 2000
[t-SNE] Mean sigma: 0.213289
[t-SNE] KL divergence after 250 iterations with early exaggeration: 104.551048
[t-SNE] KL divergence after 5000 iterations: 1.927420
