2024-01-03 18:30:05,970 INFO Started with the following arguments: {'data_name': 'gear_signals', 'seq_len': 2560, 'module': 'gru', 'hidden_dim': 24, 'num_layer': 3, 'iteration': 1, 'batch_size': 128, 'metric_iteration': 1, 'logfile': 'timegan.log', 'feature_number': 'Feat3', 'dataset_percentage': 5}
2024-01-03 18:30:05,991 INFO gear_signals dataset is ready.
2024-01-03 18:30:17.578160: I tensorflow/stream_executor/platform/default/dso_loader.cc:44] Successfully opened dynamic library libcuda.so.1
2024-01-03 18:30:17.670335: I tensorflow/core/common_runtime/gpu/gpu_device.cc:1618] Found device 0 with properties: 
name: Tesla V100-SXM2-32GB major: 7 minor: 0 memoryClockRate(GHz): 1.53
pciBusID: 0000:8a:00.0
2024-01-03 18:30:17.672288: I tensorflow/stream_executor/platform/default/dso_loader.cc:44] Successfully opened dynamic library libcudart.so.10.0
2024-01-03 18:30:17.674851: I tensorflow/stream_executor/platform/default/dso_loader.cc:44] Successfully opened dynamic library libcublas.so.10.0
2024-01-03 18:30:17.677318: I tensorflow/stream_executor/platform/default/dso_loader.cc:44] Successfully opened dynamic library libcufft.so.10.0
2024-01-03 18:30:17.678772: I tensorflow/stream_executor/platform/default/dso_loader.cc:44] Successfully opened dynamic library libcurand.so.10.0
2024-01-03 18:30:17.681072: I tensorflow/stream_executor/platform/default/dso_loader.cc:44] Successfully opened dynamic library libcusolver.so.10.0
2024-01-03 18:30:17.683089: I tensorflow/stream_executor/platform/default/dso_loader.cc:44] Successfully opened dynamic library libcusparse.so.10.0
2024-01-03 18:30:17.687437: I tensorflow/stream_executor/platform/default/dso_loader.cc:44] Successfully opened dynamic library libcudnn.so.7
2024-01-03 18:30:17.688501: I tensorflow/core/common_runtime/gpu/gpu_device.cc:1746] Adding visible gpu devices: 0
2024-01-03 18:30:17.688920: I tensorflow/core/platform/cpu_feature_guard.cc:142] Your CPU supports instructions that this TensorFlow binary was not compiled to use: SSE4.1 SSE4.2 AVX AVX2 FMA
2024-01-03 18:30:17.697262: I tensorflow/core/platform/profile_utils/cpu_utils.cc:94] CPU Frequency: 2195035000 Hz
2024-01-03 18:30:17.697442: I tensorflow/compiler/xla/service/service.cc:168] XLA service 0x56297ae95340 initialized for platform Host (this does not guarantee that XLA will be used). Devices:
2024-01-03 18:30:17.697494: I tensorflow/compiler/xla/service/service.cc:176]   StreamExecutor device (0): Host, Default Version
2024-01-03 18:30:17.881805: I tensorflow/compiler/xla/service/service.cc:168] XLA service 0x56297ae28720 initialized for platform CUDA (this does not guarantee that XLA will be used). Devices:
2024-01-03 18:30:17.881958: I tensorflow/compiler/xla/service/service.cc:176]   StreamExecutor device (0): Tesla V100-SXM2-32GB, Compute Capability 7.0
2024-01-03 18:30:17.882539: I tensorflow/core/common_runtime/gpu/gpu_device.cc:1618] Found device 0 with properties: 
name: Tesla V100-SXM2-32GB major: 7 minor: 0 memoryClockRate(GHz): 1.53
pciBusID: 0000:8a:00.0
2024-01-03 18:30:17.882650: I tensorflow/stream_executor/platform/default/dso_loader.cc:44] Successfully opened dynamic library libcudart.so.10.0
2024-01-03 18:30:17.882699: I tensorflow/stream_executor/platform/default/dso_loader.cc:44] Successfully opened dynamic library libcublas.so.10.0
2024-01-03 18:30:17.882742: I tensorflow/stream_executor/platform/default/dso_loader.cc:44] Successfully opened dynamic library libcufft.so.10.0
2024-01-03 18:30:17.882785: I tensorflow/stream_executor/platform/default/dso_loader.cc:44] Successfully opened dynamic library libcurand.so.10.0
2024-01-03 18:30:17.882831: I tensorflow/stream_executor/platform/default/dso_loader.cc:44] Successfully opened dynamic library libcusolver.so.10.0
2024-01-03 18:30:17.882877: I tensorflow/stream_executor/platform/default/dso_loader.cc:44] Successfully opened dynamic library libcusparse.so.10.0
2024-01-03 18:30:17.882924: I tensorflow/stream_executor/platform/default/dso_loader.cc:44] Successfully opened dynamic library libcudnn.so.7
2024-01-03 18:30:17.883819: I tensorflow/core/common_runtime/gpu/gpu_device.cc:1746] Adding visible gpu devices: 0
2024-01-03 18:30:17.883960: I tensorflow/stream_executor/platform/default/dso_loader.cc:44] Successfully opened dynamic library libcudart.so.10.0
2024-01-03 18:30:17.884504: I tensorflow/core/common_runtime/gpu/gpu_device.cc:1159] Device interconnect StreamExecutor with strength 1 edge matrix:
2024-01-03 18:30:17.884589: I tensorflow/core/common_runtime/gpu/gpu_device.cc:1165]      0 
2024-01-03 18:30:17.884625: I tensorflow/core/common_runtime/gpu/gpu_device.cc:1178] 0:   N 
2024-01-03 18:30:17.885598: I tensorflow/core/common_runtime/gpu/gpu_device.cc:1304] Created TensorFlow device (/job:localhost/replica:0/task:0/device:GPU:0 with 30581 MB memory) -> physical GPU (device: 0, name: Tesla V100-SXM2-32GB, pci bus id: 0000:8a:00.0, compute capability: 7.0)
2024-01-03 18:30:19,737 INFO Loading model from models/timegan_joint-1
2024-01-03 18:30:20,887 INFO after random generator
2024-01-03 18:30:21.493986: I tensorflow/stream_executor/platform/default/dso_loader.cc:44] Successfully opened dynamic library libcublas.so.10.0
2024-01-03 18:30:27,117 INFO after generated_data_curr
2024-01-03 18:30:27,122 INFO after append
2024-01-03 18:30:27,357 INFO Finish Synthetic Data Generation
2024-01-03 18:30:27,420 INFO Information about Original Data:
2024-01-03 18:30:27,420 INFO   Shape: (10240, 2560, 1)
2024-01-03 18:30:27,420 INFO   Data Type: float64
2024-01-03 18:30:27,420 INFO   Size: 26214400
2024-01-03 18:30:27,421 INFO   Number of Dimensions: 3
2024-01-03 18:30:27,421 INFO   Item Size: 8 bytes
2024-01-03 18:30:27,439 INFO   Minimum Value: 0.0
2024-01-03 18:30:27,457 INFO   Maximum Value: 0.9999998028565962
2024-01-03 18:30:27,475 INFO   Mean: 0.4488566525343851
2024-01-03 18:30:27,606 INFO   Standard Deviation: 0.1252336211110541
2024-01-03 18:30:27,606 INFO 
2024-01-03 18:30:27,606 INFO Information about Generated Data:
2024-01-03 18:30:27,606 INFO   Shape: (10240, 2560, 1)
2024-01-03 18:30:27,606 INFO   Data Type: float64
2024-01-03 18:30:27,607 INFO   Size: 26214400
2024-01-03 18:30:27,607 INFO   Number of Dimensions: 3
2024-01-03 18:30:27,607 INFO   Item Size: 8 bytes
2024-01-03 18:30:27,624 INFO   Minimum Value: 0.4745501536379318
2024-01-03 18:30:27,642 INFO   Maximum Value: 0.4988513499522281
2024-01-03 18:30:27,660 INFO   Mean: 0.48403096398244505
2024-01-03 18:30:27,791 INFO   Standard Deviation: 0.000978166304083619
2024-01-03 18:30:27,791 INFO 
Traceback (most recent call last):
  File "main_timegan.py", line 220, in <module>
    ori_data, generated_data, metrics = main(args)
  File "main_timegan.py", line 137, in main
    np.savetxt('combined_arrays.csv', combined_array, delimiter=' ', fmt='%.6f')
  File "<__array_function__ internals>", line 6, in savetxt
  File "/scratch/lustre/home/dopu7482/miniconda3/envs/kursinis/lib/python3.7/site-packages/numpy/lib/npyio.py", line 1383, in savetxt
    "Expected 1D or 2D array, got %dD array instead" % X.ndim)
ValueError: Expected 1D or 2D array, got 3D array instead
