2024-01-09 12:14:13.659380: I tensorflow/stream_executor/platform/default/dso_loader.cc:44] Successfully opened dynamic library libcuda.so.1
2024-01-09 12:14:13.744075: I tensorflow/core/common_runtime/gpu/gpu_device.cc:1618] Found device 0 with properties: 
name: Tesla V100-SXM2-32GB major: 7 minor: 0 memoryClockRate(GHz): 1.53
pciBusID: 0000:0b:00.0
2024-01-09 12:14:13.745666: I tensorflow/stream_executor/platform/default/dso_loader.cc:44] Successfully opened dynamic library libcudart.so.10.0
2024-01-09 12:14:13.747966: I tensorflow/stream_executor/platform/default/dso_loader.cc:44] Successfully opened dynamic library libcublas.so.10.0
2024-01-09 12:14:13.749960: I tensorflow/stream_executor/platform/default/dso_loader.cc:44] Successfully opened dynamic library libcufft.so.10.0
2024-01-09 12:14:13.750754: I tensorflow/stream_executor/platform/default/dso_loader.cc:44] Successfully opened dynamic library libcurand.so.10.0
2024-01-09 12:14:13.753161: I tensorflow/stream_executor/platform/default/dso_loader.cc:44] Successfully opened dynamic library libcusolver.so.10.0
2024-01-09 12:14:13.755354: I tensorflow/stream_executor/platform/default/dso_loader.cc:44] Successfully opened dynamic library libcusparse.so.10.0
2024-01-09 12:14:13.759974: I tensorflow/stream_executor/platform/default/dso_loader.cc:44] Successfully opened dynamic library libcudnn.so.7
2024-01-09 12:14:13.761221: I tensorflow/core/common_runtime/gpu/gpu_device.cc:1746] Adding visible gpu devices: 0
2024-01-09 12:14:13.761672: I tensorflow/core/platform/cpu_feature_guard.cc:142] Your CPU supports instructions that this TensorFlow binary was not compiled to use: SSE4.1 SSE4.2 AVX AVX2 FMA
2024-01-09 12:14:13.770489: I tensorflow/core/platform/profile_utils/cpu_utils.cc:94] CPU Frequency: 2195035000 Hz
2024-01-09 12:14:13.770688: I tensorflow/compiler/xla/service/service.cc:168] XLA service 0x55756da4d730 initialized for platform Host (this does not guarantee that XLA will be used). Devices:
2024-01-09 12:14:13.770739: I tensorflow/compiler/xla/service/service.cc:176]   StreamExecutor device (0): Host, Default Version
2024-01-09 12:14:13.984564: I tensorflow/compiler/xla/service/service.cc:168] XLA service 0x55756a7fa4a0 initialized for platform CUDA (this does not guarantee that XLA will be used). Devices:
2024-01-09 12:14:13.984720: I tensorflow/compiler/xla/service/service.cc:176]   StreamExecutor device (0): Tesla V100-SXM2-32GB, Compute Capability 7.0
2024-01-09 12:14:13.985317: I tensorflow/core/common_runtime/gpu/gpu_device.cc:1618] Found device 0 with properties: 
name: Tesla V100-SXM2-32GB major: 7 minor: 0 memoryClockRate(GHz): 1.53
pciBusID: 0000:0b:00.0
2024-01-09 12:14:13.985443: I tensorflow/stream_executor/platform/default/dso_loader.cc:44] Successfully opened dynamic library libcudart.so.10.0
2024-01-09 12:14:13.985499: I tensorflow/stream_executor/platform/default/dso_loader.cc:44] Successfully opened dynamic library libcublas.so.10.0
2024-01-09 12:14:13.985550: I tensorflow/stream_executor/platform/default/dso_loader.cc:44] Successfully opened dynamic library libcufft.so.10.0
2024-01-09 12:14:13.985599: I tensorflow/stream_executor/platform/default/dso_loader.cc:44] Successfully opened dynamic library libcurand.so.10.0
2024-01-09 12:14:13.985649: I tensorflow/stream_executor/platform/default/dso_loader.cc:44] Successfully opened dynamic library libcusolver.so.10.0
2024-01-09 12:14:13.985699: I tensorflow/stream_executor/platform/default/dso_loader.cc:44] Successfully opened dynamic library libcusparse.so.10.0
2024-01-09 12:14:13.985751: I tensorflow/stream_executor/platform/default/dso_loader.cc:44] Successfully opened dynamic library libcudnn.so.7
2024-01-09 12:14:13.986701: I tensorflow/core/common_runtime/gpu/gpu_device.cc:1746] Adding visible gpu devices: 0
2024-01-09 12:14:13.986816: I tensorflow/stream_executor/platform/default/dso_loader.cc:44] Successfully opened dynamic library libcudart.so.10.0
2024-01-09 12:14:13.987394: I tensorflow/core/common_runtime/gpu/gpu_device.cc:1159] Device interconnect StreamExecutor with strength 1 edge matrix:
2024-01-09 12:14:13.987507: I tensorflow/core/common_runtime/gpu/gpu_device.cc:1165]      0 
2024-01-09 12:14:13.987543: I tensorflow/core/common_runtime/gpu/gpu_device.cc:1178] 0:   N 
2024-01-09 12:14:13.988592: I tensorflow/core/common_runtime/gpu/gpu_device.cc:1304] Created TensorFlow device (/job:localhost/replica:0/task:0/device:GPU:0 with 30581 MB memory) -> physical GPU (device: 0, name: Tesla V100-SXM2-32GB, pci bus id: 0000:0b:00.0, compute capability: 7.0)
2024-01-09 12:14:17.923073: I tensorflow/stream_executor/platform/default/dso_loader.cc:44] Successfully opened dynamic library libcublas.so.10.0
/scratch/lustre/home/dopu7482/miniconda3/envs/kursinis/lib/python3.7/site-packages/sklearn/manifold/_t_sne.py:783: FutureWarning: The default initialization in TSNE will change from 'random' to 'pca' in 1.2.
  FutureWarning,
[t-SNE] Computing 16 nearest neighbors...
[t-SNE] Indexed 2000 samples in 0.000s...
[t-SNE] Computed neighbors for 2000 samples in 0.105s...
[t-SNE] Computed conditional probabilities for sample 1000 / 2000
[t-SNE] Computed conditional probabilities for sample 2000 / 2000
[t-SNE] Mean sigma: 0.207397
[t-SNE] KL divergence after 250 iterations with early exaggeration: 104.642555
[t-SNE] KL divergence after 5000 iterations: 1.976287
