2024-01-03 18:22:32,077 INFO Started with the following arguments: {'data_name': 'gear_signals', 'seq_len': 2560, 'module': 'gru', 'hidden_dim': 24, 'num_layer': 3, 'iteration': 1, 'batch_size': 128, 'metric_iteration': 1, 'logfile': 'timegan.log', 'feature_number': 'Feat3', 'dataset_percentage': 5}
2024-01-03 18:22:32,102 INFO gear_signals dataset is ready.
2024-01-03 18:22:44.000664: I tensorflow/stream_executor/platform/default/dso_loader.cc:44] Successfully opened dynamic library libcuda.so.1
2024-01-03 18:22:44.079065: I tensorflow/core/common_runtime/gpu/gpu_device.cc:1618] Found device 0 with properties: 
name: Tesla V100-SXM2-32GB major: 7 minor: 0 memoryClockRate(GHz): 1.53
pciBusID: 0000:8a:00.0
2024-01-03 18:22:44.080494: I tensorflow/stream_executor/platform/default/dso_loader.cc:44] Successfully opened dynamic library libcudart.so.10.0
2024-01-03 18:22:44.082583: I tensorflow/stream_executor/platform/default/dso_loader.cc:44] Successfully opened dynamic library libcublas.so.10.0
2024-01-03 18:22:44.084551: I tensorflow/stream_executor/platform/default/dso_loader.cc:44] Successfully opened dynamic library libcufft.so.10.0
2024-01-03 18:22:44.086385: I tensorflow/stream_executor/platform/default/dso_loader.cc:44] Successfully opened dynamic library libcurand.so.10.0
2024-01-03 18:22:44.089611: I tensorflow/stream_executor/platform/default/dso_loader.cc:44] Successfully opened dynamic library libcusolver.so.10.0
2024-01-03 18:22:44.092030: I tensorflow/stream_executor/platform/default/dso_loader.cc:44] Successfully opened dynamic library libcusparse.so.10.0
2024-01-03 18:22:44.096907: I tensorflow/stream_executor/platform/default/dso_loader.cc:44] Successfully opened dynamic library libcudnn.so.7
2024-01-03 18:22:44.097911: I tensorflow/core/common_runtime/gpu/gpu_device.cc:1746] Adding visible gpu devices: 0
2024-01-03 18:22:44.098307: I tensorflow/core/platform/cpu_feature_guard.cc:142] Your CPU supports instructions that this TensorFlow binary was not compiled to use: SSE4.1 SSE4.2 AVX AVX2 FMA
2024-01-03 18:22:44.107180: I tensorflow/core/platform/profile_utils/cpu_utils.cc:94] CPU Frequency: 2195035000 Hz
2024-01-03 18:22:44.107367: I tensorflow/compiler/xla/service/service.cc:168] XLA service 0x561b35408850 initialized for platform Host (this does not guarantee that XLA will be used). Devices:
2024-01-03 18:22:44.107415: I tensorflow/compiler/xla/service/service.cc:176]   StreamExecutor device (0): Host, Default Version
2024-01-03 18:22:44.292563: I tensorflow/compiler/xla/service/service.cc:168] XLA service 0x561b353892a0 initialized for platform CUDA (this does not guarantee that XLA will be used). Devices:
2024-01-03 18:22:44.292720: I tensorflow/compiler/xla/service/service.cc:176]   StreamExecutor device (0): Tesla V100-SXM2-32GB, Compute Capability 7.0
2024-01-03 18:22:44.293300: I tensorflow/core/common_runtime/gpu/gpu_device.cc:1618] Found device 0 with properties: 
name: Tesla V100-SXM2-32GB major: 7 minor: 0 memoryClockRate(GHz): 1.53
pciBusID: 0000:8a:00.0
2024-01-03 18:22:44.293414: I tensorflow/stream_executor/platform/default/dso_loader.cc:44] Successfully opened dynamic library libcudart.so.10.0
2024-01-03 18:22:44.293466: I tensorflow/stream_executor/platform/default/dso_loader.cc:44] Successfully opened dynamic library libcublas.so.10.0
2024-01-03 18:22:44.293513: I tensorflow/stream_executor/platform/default/dso_loader.cc:44] Successfully opened dynamic library libcufft.so.10.0
2024-01-03 18:22:44.293558: I tensorflow/stream_executor/platform/default/dso_loader.cc:44] Successfully opened dynamic library libcurand.so.10.0
2024-01-03 18:22:44.293604: I tensorflow/stream_executor/platform/default/dso_loader.cc:44] Successfully opened dynamic library libcusolver.so.10.0
2024-01-03 18:22:44.293650: I tensorflow/stream_executor/platform/default/dso_loader.cc:44] Successfully opened dynamic library libcusparse.so.10.0
2024-01-03 18:22:44.293698: I tensorflow/stream_executor/platform/default/dso_loader.cc:44] Successfully opened dynamic library libcudnn.so.7
2024-01-03 18:22:44.294608: I tensorflow/core/common_runtime/gpu/gpu_device.cc:1746] Adding visible gpu devices: 0
2024-01-03 18:22:44.294736: I tensorflow/stream_executor/platform/default/dso_loader.cc:44] Successfully opened dynamic library libcudart.so.10.0
2024-01-03 18:22:44.295285: I tensorflow/core/common_runtime/gpu/gpu_device.cc:1159] Device interconnect StreamExecutor with strength 1 edge matrix:
2024-01-03 18:22:44.295380: I tensorflow/core/common_runtime/gpu/gpu_device.cc:1165]      0 
2024-01-03 18:22:44.295417: I tensorflow/core/common_runtime/gpu/gpu_device.cc:1178] 0:   N 
2024-01-03 18:22:44.296386: I tensorflow/core/common_runtime/gpu/gpu_device.cc:1304] Created TensorFlow device (/job:localhost/replica:0/task:0/device:GPU:0 with 30581 MB memory) -> physical GPU (device: 0, name: Tesla V100-SXM2-32GB, pci bus id: 0000:8a:00.0, compute capability: 7.0)
2024-01-03 18:22:46,192 INFO Loading model from models/timegan_joint-1
2024-01-03 18:22:47,345 INFO after random generator
2024-01-03 18:22:47.932972: I tensorflow/stream_executor/platform/default/dso_loader.cc:44] Successfully opened dynamic library libcublas.so.10.0
2024-01-03 18:22:53,609 INFO after generated_data_curr
2024-01-03 18:22:53,613 INFO after append
2024-01-03 18:22:53,841 INFO Finish Synthetic Data Generation
2024-01-03 18:22:53,903 INFO Information about Original Data:
2024-01-03 18:22:53,904 INFO   Shape: (10240, 2560, 1)
2024-01-03 18:22:53,904 INFO   Data Type: float64
2024-01-03 18:22:53,904 INFO   Size: 26214400
2024-01-03 18:22:53,904 INFO   Number of Dimensions: 3
2024-01-03 18:22:53,904 INFO   Item Size: 8 bytes
2024-01-03 18:22:53,922 INFO   Minimum Value: 0.0
2024-01-03 18:22:53,939 INFO   Maximum Value: 0.9999998028565962
2024-01-03 18:22:53,956 INFO   Mean: 0.44885665253438617
2024-01-03 18:22:54,086 INFO   Standard Deviation: 0.1252336211110543
Traceback (most recent call last):
  File "main_timegan.py", line 220, in <module>
    ori_data, generated_data, metrics = main(args)
  File "main_timegan.py", line 130, in main
    print_array_info(ori_data, "Original Data")
  File "main_timegan.py", line 153, in print_array_info
    logging.info()
TypeError: info() missing 1 required positional argument: 'msg'
