2023-12-14 16:14:26,310 INFO Started with the following arguments: {'data_name': 'gear_signals', 'seq_len': 2560, 'module': 'gru', 'hidden_dim': 24, 'num_layer': 3, 'iteration': 2000, 'batch_size': 128, 'metric_iteration': 10, 'logfile': 'timegan.log', 'feature_number': 'Feat3'}
2023-12-14 16:14:26,450 INFO gear_signals dataset is ready.
2023-12-14 16:14:47.358249: I tensorflow/stream_executor/platform/default/dso_loader.cc:44] Successfully opened dynamic library libcuda.so.1
2023-12-14 16:14:47.438379: I tensorflow/core/common_runtime/gpu/gpu_device.cc:1618] Found device 0 with properties: 
name: Tesla V100-SXM2-32GB major: 7 minor: 0 memoryClockRate(GHz): 1.53
pciBusID: 0000:0b:00.0
2023-12-14 16:14:47.439505: I tensorflow/stream_executor/platform/default/dso_loader.cc:44] Successfully opened dynamic library libcudart.so.10.0
2023-12-14 16:14:47.441384: I tensorflow/stream_executor/platform/default/dso_loader.cc:44] Successfully opened dynamic library libcublas.so.10.0
2023-12-14 16:14:47.443246: I tensorflow/stream_executor/platform/default/dso_loader.cc:44] Successfully opened dynamic library libcufft.so.10.0
2023-12-14 16:14:47.444667: I tensorflow/stream_executor/platform/default/dso_loader.cc:44] Successfully opened dynamic library libcurand.so.10.0
2023-12-14 16:14:47.447052: I tensorflow/stream_executor/platform/default/dso_loader.cc:44] Successfully opened dynamic library libcusolver.so.10.0
2023-12-14 16:14:47.449037: I tensorflow/stream_executor/platform/default/dso_loader.cc:44] Successfully opened dynamic library libcusparse.so.10.0
2023-12-14 16:14:47.453604: I tensorflow/stream_executor/platform/default/dso_loader.cc:44] Successfully opened dynamic library libcudnn.so.7
2023-12-14 16:14:47.454616: I tensorflow/core/common_runtime/gpu/gpu_device.cc:1746] Adding visible gpu devices: 0
2023-12-14 16:14:47.454973: I tensorflow/core/platform/cpu_feature_guard.cc:142] Your CPU supports instructions that this TensorFlow binary was not compiled to use: SSE4.1 SSE4.2 AVX AVX2 FMA
2023-12-14 16:14:47.463261: I tensorflow/core/platform/profile_utils/cpu_utils.cc:94] CPU Frequency: 2194845000 Hz
2023-12-14 16:14:47.463441: I tensorflow/compiler/xla/service/service.cc:168] XLA service 0x55e369a80da0 initialized for platform Host (this does not guarantee that XLA will be used). Devices:
2023-12-14 16:14:47.463488: I tensorflow/compiler/xla/service/service.cc:176]   StreamExecutor device (0): Host, Default Version
2023-12-14 16:14:47.645323: I tensorflow/compiler/xla/service/service.cc:168] XLA service 0x55e369976bf0 initialized for platform CUDA (this does not guarantee that XLA will be used). Devices:
2023-12-14 16:14:47.645458: I tensorflow/compiler/xla/service/service.cc:176]   StreamExecutor device (0): Tesla V100-SXM2-32GB, Compute Capability 7.0
2023-12-14 16:14:47.646037: I tensorflow/core/common_runtime/gpu/gpu_device.cc:1618] Found device 0 with properties: 
name: Tesla V100-SXM2-32GB major: 7 minor: 0 memoryClockRate(GHz): 1.53
pciBusID: 0000:0b:00.0
2023-12-14 16:14:47.646149: I tensorflow/stream_executor/platform/default/dso_loader.cc:44] Successfully opened dynamic library libcudart.so.10.0
2023-12-14 16:14:47.646202: I tensorflow/stream_executor/platform/default/dso_loader.cc:44] Successfully opened dynamic library libcublas.so.10.0
2023-12-14 16:14:47.646250: I tensorflow/stream_executor/platform/default/dso_loader.cc:44] Successfully opened dynamic library libcufft.so.10.0
2023-12-14 16:14:47.646296: I tensorflow/stream_executor/platform/default/dso_loader.cc:44] Successfully opened dynamic library libcurand.so.10.0
2023-12-14 16:14:47.646343: I tensorflow/stream_executor/platform/default/dso_loader.cc:44] Successfully opened dynamic library libcusolver.so.10.0
2023-12-14 16:14:47.646390: I tensorflow/stream_executor/platform/default/dso_loader.cc:44] Successfully opened dynamic library libcusparse.so.10.0
2023-12-14 16:14:47.646439: I tensorflow/stream_executor/platform/default/dso_loader.cc:44] Successfully opened dynamic library libcudnn.so.7
2023-12-14 16:14:47.647372: I tensorflow/core/common_runtime/gpu/gpu_device.cc:1746] Adding visible gpu devices: 0
2023-12-14 16:14:47.647496: I tensorflow/stream_executor/platform/default/dso_loader.cc:44] Successfully opened dynamic library libcudart.so.10.0
2023-12-14 16:14:47.648148: I tensorflow/core/common_runtime/gpu/gpu_device.cc:1159] Device interconnect StreamExecutor with strength 1 edge matrix:
2023-12-14 16:14:47.648234: I tensorflow/core/common_runtime/gpu/gpu_device.cc:1165]      0 
2023-12-14 16:14:47.648268: I tensorflow/core/common_runtime/gpu/gpu_device.cc:1178] 0:   N 
2023-12-14 16:14:47.649259: I tensorflow/core/common_runtime/gpu/gpu_device.cc:1304] Created TensorFlow device (/job:localhost/replica:0/task:0/device:GPU:0 with 30581 MB memory) -> physical GPU (device: 0, name: Tesla V100-SXM2-32GB, pci bus id: 0000:0b:00.0, compute capability: 7.0)
2023-12-14 16:14:49,500 INFO Loading model from models/timegan_embedding-3000
2023-12-14 16:14:50,350 INFO Start Training with Supervised Loss Only
2023-12-14 16:14:50.938364: I tensorflow/stream_executor/platform/default/dso_loader.cc:44] Successfully opened dynamic library libcublas.so.10.0
2023-12-14 16:14:56,169 INFO step: 0/2000, s_loss: 0.1781
2023-12-14 16:34:15,939 INFO step: 250/2000, s_loss: 0.0367
2023-12-14 16:53:34,820 INFO step: 500/2000, s_loss: 0.0358
2023-12-14 17:12:53,766 INFO step: 750/2000, s_loss: 0.0346
2023-12-14 17:32:15,461 INFO step: 1000/2000, s_loss: 0.0299
slurmstepd-node-37: error: *** JOB 26922 ON node-37 CANCELLED AT 2023-12-14T17:41:56 ***
