2023-12-14 06:19:22 INFO Started with the following arguments: {'data_name': 'gear_signals', 'seq_len': 2560, 'module': 'gru', 'hidden_dim': 24, 'num_layer': 3, 'iteration': 10000, 'batch_size': 128, 'metric_iteration': 10, 'logfile': 'timegan.log', 'feature_number': 'Feat3'}
2023-12-14 06:19:22 INFO gear_signals dataset is ready.
2023-12-14 06:19:52 INFO Start Embedding Network Training
2023-12-14 06:20:02 INFO step: 0/10000, e_loss: 0.1267
2023-12-14 06:54:10 INFO step: 250/10000, e_loss: 0.0883
2023-12-14 07:28:18 INFO step: 500/10000, e_loss: 0.0081
2023-12-14 08:02:30 INFO step: 750/10000, e_loss: 0.0061
2023-12-14 08:36:35 INFO step: 1000/10000, e_loss: 0.005
2023-12-14 09:10:25 INFO step: 1250/10000, e_loss: 0.0029
2023-12-14 09:44:16 INFO step: 1500/10000, e_loss: 0.0022
2023-12-14 10:18:46 INFO step: 1750/10000, e_loss: 0.0021
2023-12-14 10:53:12 INFO step: 2000/10000, e_loss: 0.002
2023-12-14 11:27:20 INFO step: 2250/10000, e_loss: 0.002
2023-12-14 12:01:37 INFO step: 2500/10000, e_loss: 0.0018
2023-12-14 12:36:06 INFO step: 2750/10000, e_loss: 0.0021
2023-12-14 13:10:22 INFO step: 3000/10000, e_loss: 0.0018
2023-12-14 16:10:15 INFO Started with the following arguments: {'data_name': 'gear_signals', 'seq_len': 2560, 'module': 'gru', 'hidden_dim': 24, 'num_layer': 3, 'iteration': 2000, 'batch_size': 128, 'metric_iteration': 10, 'logfile': 'timegan.log', 'feature_number': 'Feat3'}
2023-12-14 16:10:15 INFO gear_signals dataset is ready.
2023-12-14 16:13:03 INFO Started with the following arguments: {'data_name': 'gear_signals', 'seq_len': 2560, 'module': 'gru', 'hidden_dim': 24, 'num_layer': 3, 'iteration': 2000, 'batch_size': 128, 'metric_iteration': 10, 'logfile': 'timegan.log', 'feature_number': 'Feat3'}
2023-12-14 16:13:03 INFO gear_signals dataset is ready.
2023-12-14 16:14:26 INFO Started with the following arguments: {'data_name': 'gear_signals', 'seq_len': 2560, 'module': 'gru', 'hidden_dim': 24, 'num_layer': 3, 'iteration': 2000, 'batch_size': 128, 'metric_iteration': 10, 'logfile': 'timegan.log', 'feature_number': 'Feat3'}
2023-12-14 16:14:26 INFO gear_signals dataset is ready.
2023-12-14 16:14:49 INFO Loading model from models/timegan_embedding-3000
2023-12-14 16:14:50 INFO Start Training with Supervised Loss Only
2023-12-14 16:14:56 INFO step: 0/2000, s_loss: 0.1781
2023-12-14 16:34:15 INFO step: 250/2000, s_loss: 0.0367
2023-12-14 16:53:34 INFO step: 500/2000, s_loss: 0.0358
2023-12-14 17:12:53 INFO step: 750/2000, s_loss: 0.0346
2023-12-14 17:32:15 INFO step: 1000/2000, s_loss: 0.0299
2023-12-14 17:44:26 INFO Started with the following arguments: {'data_name': 'gear_signals', 'seq_len': 2560, 'module': 'gru', 'hidden_dim': 24, 'num_layer': 3, 'iteration': 3000, 'batch_size': 128, 'metric_iteration': 10, 'logfile': 'timegan.log', 'feature_number': 'Feat3'}
2023-12-14 17:44:26 INFO gear_signals dataset is ready.
2023-12-14 17:44:56 INFO Loading model from models/timegan_supervised-1000
2023-12-14 17:44:57 INFO Start Training with Supervised Loss Only
2023-12-14 17:47:32 INFO Started with the following arguments: {'data_name': 'gear_signals', 'seq_len': 2560, 'module': 'gru', 'hidden_dim': 24, 'num_layer': 3, 'iteration': 3000, 'batch_size': 128, 'metric_iteration': 10, 'logfile': 'timegan.log', 'feature_number': 'Feat3'}
2023-12-14 17:47:32 INFO gear_signals dataset is ready.
2023-12-14 17:47:56 INFO Loading model from models/timegan_supervised-1000
2023-12-14 17:47:57 INFO Start Training with Supervised Loss Only
2023-12-14 17:48:02 INFO step: 1000/3000, s_loss: 0.0298
2023-12-14 18:07:39 INFO step: 1250/3000, s_loss: 0.0266
2023-12-14 18:27:15 INFO step: 1500/3000, s_loss: 0.0259
2023-12-14 18:46:50 INFO step: 1750/3000, s_loss: 0.0258
2023-12-14 19:06:28 INFO step: 2000/3000, s_loss: 0.0257
2023-12-14 19:26:07 INFO step: 2250/3000, s_loss: 0.0257
2023-12-14 19:45:45 INFO step: 2500/3000, s_loss: 0.0255
2023-12-14 20:05:25 INFO step: 2750/3000, s_loss: 0.0256
2023-12-14 20:25:05 INFO Finish Training with Supervised Loss Only
2023-12-14 20:25:05 INFO Start Joint Training
2023-12-14 20:26:46 INFO step: 0/3000, d_loss: 2.0024, g_loss_u: 0.9279, g_loss_s: 0.0564, g_loss_v: 0.13, e_loss_t0: 0.0661
